mode: set
github.com/xvThomas/LLMClientWrapper/talk-libs/logger/logger.go:31.76,32.17 1 1
github.com/xvThomas/LLMClientWrapper/talk-libs/logger/logger.go:32.17,34.3 1 1
github.com/xvThomas/LLMClientWrapper/talk-libs/logger/logger.go:35.2,39.3 1 1
github.com/xvThomas/LLMClientWrapper/talk-libs/logger/logger.go:43.76,45.2 1 1
github.com/xvThomas/LLMClientWrapper/talk-libs/logger/logger.go:48.66,54.2 1 1
github.com/xvThomas/LLMClientWrapper/talk-libs/logger/logger.go:57.60,63.2 1 1
github.com/xvThomas/LLMClientWrapper/talk-libs/logger/logger.go:66.71,82.33 5 1
github.com/xvThomas/LLMClientWrapper/talk-libs/logger/logger.go:82.33,85.3 2 1
github.com/xvThomas/LLMClientWrapper/talk-libs/logger/logger.go:88.2,92.12 4 1
github.com/xvThomas/LLMClientWrapper/talk-libs/logger/logger.go:95.45,96.15 1 1
github.com/xvThomas/LLMClientWrapper/talk-libs/logger/logger.go:97.23,98.19 1 1
github.com/xvThomas/LLMClientWrapper/talk-libs/logger/logger.go:99.22,100.19 1 1
github.com/xvThomas/LLMClientWrapper/talk-libs/logger/logger.go:101.22,102.21 1 1
github.com/xvThomas/LLMClientWrapper/talk-libs/logger/logger.go:103.23,104.18 1 1
github.com/xvThomas/LLMClientWrapper/talk-libs/logger/logger.go:105.10,106.20 1 1
github.com/xvThomas/LLMClientWrapper/talk-libs/logger/logger.go:113.13,126.9 7 1
github.com/xvThomas/LLMClientWrapper/talk-libs/logger/logger.go:127.27,128.49 1 0
github.com/xvThomas/LLMClientWrapper/talk-libs/logger/logger.go:129.15,131.49 1 0
github.com/xvThomas/LLMClientWrapper/talk-libs/logger/logger.go:132.10,134.45 1 1
github.com/xvThomas/LLMClientWrapper/talk-libs/logger/logger.go:137.2,138.25 2 1
github.com/xvThomas/LLMClientWrapper/talk-libs/logger/logger.go:141.31,143.49 1 1
github.com/xvThomas/LLMClientWrapper/talk-libs/logger/logger.go:144.15,145.25 1 1
github.com/xvThomas/LLMClientWrapper/talk-libs/logger/logger.go:146.14,147.24 1 1
github.com/xvThomas/LLMClientWrapper/talk-libs/logger/logger.go:148.14,149.24 1 1
github.com/xvThomas/LLMClientWrapper/talk-libs/logger/logger.go:150.15,151.25 1 1
github.com/xvThomas/LLMClientWrapper/talk-libs/logger/logger.go:152.10,153.24 1 1
github.com/xvThomas/LLMClientWrapper/talk-libs/logger/logger.go:158.31,160.2 1 1
github.com/xvThomas/LLMClientWrapper/talk-libs/version/version.go:12.13,13.19 1 0
github.com/xvThomas/LLMClientWrapper/talk-libs/version/version.go:13.19,15.3 1 0
github.com/xvThomas/LLMClientWrapper/talk-libs/version/version.go:16.2,17.9 2 0
github.com/xvThomas/LLMClientWrapper/talk-libs/version/version.go:17.9,20.3 2 0
github.com/xvThomas/LLMClientWrapper/talk-libs/version/version.go:22.2,22.63 1 0
github.com/xvThomas/LLMClientWrapper/talk-libs/version/version.go:22.63,25.3 2 0
github.com/xvThomas/LLMClientWrapper/talk-libs/version/version.go:27.2,28.34 2 0
github.com/xvThomas/LLMClientWrapper/talk-libs/version/version.go:28.34,29.16 1 0
github.com/xvThomas/LLMClientWrapper/talk-libs/version/version.go:30.23,31.22 1 0
github.com/xvThomas/LLMClientWrapper/talk-libs/version/version.go:32.23,33.25 1 0
github.com/xvThomas/LLMClientWrapper/talk-libs/version/version.go:33.25,35.5 1 0
github.com/xvThomas/LLMClientWrapper/talk-libs/version/version.go:38.2,38.20 1 0
github.com/xvThomas/LLMClientWrapper/talk-libs/version/version.go:38.20,39.24 1 0
github.com/xvThomas/LLMClientWrapper/talk-libs/version/version.go:39.24,41.4 1 0
github.com/xvThomas/LLMClientWrapper/talk-libs/version/version.go:42.3,43.9 2 0
github.com/xvThomas/LLMClientWrapper/talk-libs/version/version.go:45.2,45.17 1 0
github.com/xvThomas/LLMClientWrapper/talk-libs/testutils/testutils.go:13.40,14.6 1 0
github.com/xvThomas/LLMClientWrapper/talk-libs/testutils/testutils.go:14.6,15.66 1 0
github.com/xvThomas/LLMClientWrapper/talk-libs/testutils/testutils.go:15.66,17.4 1 0
github.com/xvThomas/LLMClientWrapper/talk-libs/testutils/testutils.go:18.3,19.20 2 0
github.com/xvThomas/LLMClientWrapper/talk-libs/testutils/testutils.go:19.20,20.58 1 0
github.com/xvThomas/LLMClientWrapper/talk-libs/testutils/testutils.go:22.3,22.15 1 0
github.com/xvThomas/LLMClientWrapper/talk-libs/testutils/testutils.go:28.30,30.9 2 0
github.com/xvThomas/LLMClientWrapper/talk-libs/testutils/testutils.go:30.9,31.42 1 0
github.com/xvThomas/LLMClientWrapper/talk-libs/testutils/testutils.go:33.2,33.47 1 0
github.com/xvThomas/LLMClientWrapper/talk-libs/testutils/testutils.go:39.33,43.9 3 0
github.com/xvThomas/LLMClientWrapper/talk-libs/testutils/testutils.go:43.9,44.42 1 0
github.com/xvThomas/LLMClientWrapper/talk-libs/testutils/testutils.go:46.2,50.3 2 0
github.com/xvThomas/LLMClientWrapper/talk-libs/testutils/testutils.go:55.83,59.9 3 0
github.com/xvThomas/LLMClientWrapper/talk-libs/testutils/testutils.go:59.9,60.42 1 0
github.com/xvThomas/LLMClientWrapper/talk-libs/testutils/testutils.go:62.2,68.39 3 0
github.com/xvThomas/LLMClientWrapper/talk-libs/testutils/testutils.go:68.39,69.31 1 0
github.com/xvThomas/LLMClientWrapper/talk-libs/testutils/testutils.go:69.31,71.4 1 0
github.com/xvThomas/LLMClientWrapper/talk-libs/testutils/testutils.go:76.50,79.13 3 0
github.com/xvThomas/LLMClientWrapper/talk-libs/testutils/testutils.go:79.13,81.3 1 0
github.com/xvThomas/LLMClientWrapper/talk-libs/testutils/testutils.go:82.2,82.10 1 0
github.com/xvThomas/LLMClientWrapper/talk-libs/mcpserver/app.go:23.85,26.33 1 0
github.com/xvThomas/LLMClientWrapper/talk-libs/mcpserver/app.go:26.33,30.108 1 0
github.com/xvThomas/LLMClientWrapper/talk-libs/mcpserver/app.go:30.108,33.5 2 0
github.com/xvThomas/LLMClientWrapper/talk-libs/mcpserver/app.go:94.36,95.22 1 0
github.com/xvThomas/LLMClientWrapper/talk-libs/mcpserver/app.go:95.22,95.41 1 0
github.com/xvThomas/LLMClientWrapper/talk-libs/mcpserver/app.go:99.41,100.22 1 0
github.com/xvThomas/LLMClientWrapper/talk-libs/mcpserver/app.go:100.22,100.39 1 0
github.com/xvThomas/LLMClientWrapper/talk-libs/mcpserver/app.go:104.47,105.22 1 0
github.com/xvThomas/LLMClientWrapper/talk-libs/mcpserver/app.go:105.22,105.61 1 0
github.com/xvThomas/LLMClientWrapper/talk-libs/mcpserver/app.go:129.56,131.27 2 0
github.com/xvThomas/LLMClientWrapper/talk-libs/mcpserver/app.go:131.27,133.3 1 0
github.com/xvThomas/LLMClientWrapper/talk-libs/mcpserver/app.go:134.2,134.10 1 0
github.com/xvThomas/LLMClientWrapper/talk-libs/mcpserver/app.go:138.21,144.22 4 0
github.com/xvThomas/LLMClientWrapper/talk-libs/mcpserver/app.go:144.22,150.3 5 0
github.com/xvThomas/LLMClientWrapper/talk-libs/mcpserver/app.go:151.2,156.28 4 0
github.com/xvThomas/LLMClientWrapper/talk-libs/mcpserver/app.go:156.28,158.3 1 0
github.com/xvThomas/LLMClientWrapper/talk-libs/mcpserver/app.go:159.2,162.30 3 0
github.com/xvThomas/LLMClientWrapper/talk-libs/mcpserver/app.go:162.30,164.3 1 0
github.com/xvThomas/LLMClientWrapper/talk-libs/mcpserver/app.go:165.2,165.26 1 0
github.com/xvThomas/LLMClientWrapper/talk-libs/mcpserver/app.go:165.26,167.3 1 0
github.com/xvThomas/LLMClientWrapper/talk-libs/mcpserver/app.go:169.2,169.20 1 0
github.com/xvThomas/LLMClientWrapper/talk-libs/mcpserver/app.go:170.15,171.15 1 0
github.com/xvThomas/LLMClientWrapper/talk-libs/mcpserver/app.go:172.14,173.19 1 0
github.com/xvThomas/LLMClientWrapper/talk-libs/mcpserver/app.go:174.10,177.13 3 0
github.com/xvThomas/LLMClientWrapper/talk-libs/mcpserver/app.go:181.39,183.28 2 0
github.com/xvThomas/LLMClientWrapper/talk-libs/mcpserver/app.go:183.28,185.3 1 0
github.com/xvThomas/LLMClientWrapper/talk-libs/mcpserver/app.go:186.2,186.30 1 0
github.com/xvThomas/LLMClientWrapper/talk-libs/mcpserver/app.go:186.30,188.3 1 0
github.com/xvThomas/LLMClientWrapper/talk-libs/mcpserver/app.go:189.2,189.10 1 0
github.com/xvThomas/LLMClientWrapper/talk-libs/mcpserver/app.go:192.26,196.75 4 0
github.com/xvThomas/LLMClientWrapper/talk-libs/mcpserver/app.go:196.75,199.3 2 0
github.com/xvThomas/LLMClientWrapper/talk-libs/mcpserver/auth.go:18.100,26.47 5 0
github.com/xvThomas/LLMClientWrapper/talk-libs/mcpserver/auth.go:26.47,28.3 1 0
github.com/xvThomas/LLMClientWrapper/talk-libs/mcpserver/auth.go:30.2,30.14 1 0
github.com/xvThomas/LLMClientWrapper/talk-libs/mcpserver/auth.go:30.14,32.3 1 0
github.com/xvThomas/LLMClientWrapper/talk-libs/mcpserver/auth.go:34.2,34.9 1 0
github.com/xvThomas/LLMClientWrapper/talk-libs/mcpserver/auth.go:35.29,40.4 2 0
github.com/xvThomas/LLMClientWrapper/talk-libs/mcpserver/auth.go:41.16,43.49 2 0
github.com/xvThomas/LLMClientWrapper/talk-libs/mcpserver/auth.go:44.17,46.41 2 0
github.com/xvThomas/LLMClientWrapper/talk-libs/mcpserver/auth.go:47.10,49.47 2 0
github.com/xvThomas/LLMClientWrapper/talk-libs/mcpserver/auth.go:49.47,49.62 1 0
github.com/xvThomas/LLMClientWrapper/talk-libs/mcpserver/auth.go:61.73,63.28 2 0
github.com/xvThomas/LLMClientWrapper/talk-libs/mcpserver/auth.go:63.28,67.3 2 0
github.com/xvThomas/LLMClientWrapper/talk-libs/mcpserver/auth.go:69.2,75.51 2 0
github.com/xvThomas/LLMClientWrapper/talk-libs/mcpserver/auth.go:79.94,84.2 1 0
github.com/xvThomas/LLMClientWrapper/talk-libs/mcpserver/auth.go:89.110,91.46 2 1
github.com/xvThomas/LLMClientWrapper/talk-libs/mcpserver/auth.go:91.46,92.72 1 1
github.com/xvThomas/LLMClientWrapper/talk-libs/mcpserver/auth.go:92.72,97.18 4 1
github.com/xvThomas/LLMClientWrapper/talk-libs/mcpserver/auth.go:97.18,100.5 2 1
github.com/xvThomas/LLMClientWrapper/talk-libs/mcpserver/auth.go:103.4,103.18 1 1
github.com/xvThomas/LLMClientWrapper/talk-libs/mcpserver/auth.go:103.18,106.5 2 1
github.com/xvThomas/LLMClientWrapper/talk-libs/mcpserver/auth.go:109.4,111.45 3 1
github.com/xvThomas/LLMClientWrapper/talk-libs/mcpserver/auth.go:111.45,115.5 2 1
github.com/xvThomas/LLMClientWrapper/talk-libs/mcpserver/auth.go:118.4,119.34 2 1
github.com/xvThomas/LLMClientWrapper/talk-libs/mcpserver/auth.go:132.55,132.74 1 1
github.com/xvThomas/LLMClientWrapper/talk-libs/mcpserver/auth.go:134.56,134.75 1 1
github.com/xvThomas/LLMClientWrapper/talk-libs/mcpserver/auth.go:136.66,137.19 1 1
github.com/xvThomas/LLMClientWrapper/talk-libs/mcpserver/auth.go:137.19,139.3 1 1
github.com/xvThomas/LLMClientWrapper/talk-libs/mcpserver/auth.go:140.2,140.27 1 1
github.com/xvThomas/LLMClientWrapper/talk-libs/mcpserver/auth.go:143.65,144.30 1 1
github.com/xvThomas/LLMClientWrapper/talk-libs/mcpserver/auth.go:144.30,145.24 1 1
github.com/xvThomas/LLMClientWrapper/talk-libs/mcpserver/auth.go:145.24,147.4 1 1
github.com/xvThomas/LLMClientWrapper/talk-libs/mcpserver/auth.go:149.2,149.19 1 1
github.com/xvThomas/LLMClientWrapper/talk-libs/mcpserver/auth.go:149.19,151.3 1 1
github.com/xvThomas/LLMClientWrapper/talk-libs/mcpserver/auth.go:152.2,152.32 1 1
github.com/xvThomas/LLMClientWrapper/talk-libs/mcpserver/auth.go:156.79,157.46 1 1
github.com/xvThomas/LLMClientWrapper/talk-libs/mcpserver/auth.go:157.46,158.72 1 1
github.com/xvThomas/LLMClientWrapper/talk-libs/mcpserver/auth.go:158.72,160.78 2 1
github.com/xvThomas/LLMClientWrapper/talk-libs/mcpserver/auth.go:160.78,163.5 2 1
github.com/xvThomas/LLMClientWrapper/talk-libs/mcpserver/auth.go:164.4,164.24 1 1
github.com/xvThomas/LLMClientWrapper/talk-libs/mcpserver/env.go:30.28,45.2 1 1
github.com/xvThomas/LLMClientWrapper/talk-libs/mcpserver/env.go:48.38,50.13 2 1
github.com/xvThomas/LLMClientWrapper/talk-libs/mcpserver/env.go:50.13,52.3 1 1
github.com/xvThomas/LLMClientWrapper/talk-libs/mcpserver/env.go:53.2,54.16 2 1
github.com/xvThomas/LLMClientWrapper/talk-libs/mcpserver/env.go:54.16,56.3 1 1
github.com/xvThomas/LLMClientWrapper/talk-libs/mcpserver/env.go:57.2,57.10 1 1
github.com/xvThomas/LLMClientWrapper/talk-libs/mcpserver/env.go:61.45,62.25 1 1
github.com/xvThomas/LLMClientWrapper/talk-libs/mcpserver/env.go:62.25,64.3 1 1
github.com/xvThomas/LLMClientWrapper/talk-libs/mcpserver/env.go:65.2,67.26 3 1
github.com/xvThomas/LLMClientWrapper/talk-libs/mcpserver/env.go:67.26,69.14 2 1
github.com/xvThomas/LLMClientWrapper/talk-libs/mcpserver/env.go:69.14,71.4 1 1
github.com/xvThomas/LLMClientWrapper/talk-libs/mcpserver/env.go:73.2,73.15 1 1
github.com/xvThomas/LLMClientWrapper/talk-libs/mcpserver/http.go:17.36,20.53 2 0
github.com/xvThomas/LLMClientWrapper/talk-libs/mcpserver/http.go:20.53,22.3 1 0
github.com/xvThomas/LLMClientWrapper/talk-libs/mcpserver/http.go:25.2,67.45 18 0
github.com/xvThomas/LLMClientWrapper/talk-libs/mcpserver/http.go:67.45,70.3 2 0
github.com/xvThomas/LLMClientWrapper/talk-libs/mcpserver/http.go:75.51,76.23 1 1
github.com/xvThomas/LLMClientWrapper/talk-libs/mcpserver/http.go:76.23,78.3 1 1
github.com/xvThomas/LLMClientWrapper/talk-libs/mcpserver/http.go:79.2,85.3 1 1
github.com/xvThomas/LLMClientWrapper/talk-libs/mcpserver/http.go:90.63,92.71 2 1
github.com/xvThomas/LLMClientWrapper/talk-libs/mcpserver/http.go:92.71,94.51 2 1
github.com/xvThomas/LLMClientWrapper/talk-libs/mcpserver/http.go:94.51,97.18 3 1
github.com/xvThomas/LLMClientWrapper/talk-libs/mcpserver/http.go:97.18,101.72 2 1
github.com/xvThomas/LLMClientWrapper/talk-libs/mcpserver/http.go:101.72,103.6 1 1
github.com/xvThomas/LLMClientWrapper/talk-libs/mcpserver/http.go:104.5,104.49 1 1
github.com/xvThomas/LLMClientWrapper/talk-libs/mcpserver/http.go:108.3,114.22 2 1
github.com/xvThomas/LLMClientWrapper/talk-libs/mcpserver/http.go:114.22,116.4 1 1
github.com/xvThomas/LLMClientWrapper/talk-libs/mcpserver/http.go:117.3,121.90 4 1
github.com/xvThomas/LLMClientWrapper/talk-libs/mcpserver/http.go:131.48,134.2 2 1
github.com/xvThomas/LLMClientWrapper/talk-libs/mcpserver/http.go:136.55,137.19 1 1
github.com/xvThomas/LLMClientWrapper/talk-libs/mcpserver/http.go:137.19,139.3 1 1
github.com/xvThomas/LLMClientWrapper/talk-libs/mcpserver/http.go:140.2,140.34 1 1
github.com/xvThomas/LLMClientWrapper/talk-libs/mcpserver/http.go:145.39,146.55 1 1
github.com/xvThomas/LLMClientWrapper/talk-libs/mcpserver/http.go:146.55,147.46 1 1
github.com/xvThomas/LLMClientWrapper/talk-libs/mcpserver/http.go:147.46,149.4 1 1
github.com/xvThomas/LLMClientWrapper/talk-libs/mcpserver/http.go:150.3,150.13 1 1
github.com/xvThomas/LLMClientWrapper/talk-libs/mcpserver/http.go:152.2,152.47 1 1
github.com/xvThomas/LLMClientWrapper/talk-libs/mcpserver/http.go:152.47,154.3 1 1
github.com/xvThomas/LLMClientWrapper/talk-libs/mcpserver/http.go:155.2,155.21 1 1
github.com/xvThomas/LLMClientWrapper/talk-libs/mcpserver/jwks.go:51.70,52.27 1 1
github.com/xvThomas/LLMClientWrapper/talk-libs/mcpserver/jwks.go:52.27,54.3 1 0
github.com/xvThomas/LLMClientWrapper/talk-libs/mcpserver/jwks.go:55.2,55.23 1 1
github.com/xvThomas/LLMClientWrapper/talk-libs/mcpserver/jwks.go:55.23,57.3 1 0
github.com/xvThomas/LLMClientWrapper/talk-libs/mcpserver/jwks.go:59.2,75.24 4 1
github.com/xvThomas/LLMClientWrapper/talk-libs/mcpserver/jwks.go:75.24,77.3 1 1
github.com/xvThomas/LLMClientWrapper/talk-libs/mcpserver/jwks.go:79.2,81.91 2 1
github.com/xvThomas/LLMClientWrapper/talk-libs/mcpserver/jwks.go:81.91,82.46 1 1
github.com/xvThomas/LLMClientWrapper/talk-libs/mcpserver/jwks.go:82.46,84.11 2 1
github.com/xvThomas/LLMClientWrapper/talk-libs/mcpserver/jwks.go:84.11,86.5 1 0
github.com/xvThomas/LLMClientWrapper/talk-libs/mcpserver/jwks.go:87.4,88.18 2 1
github.com/xvThomas/LLMClientWrapper/talk-libs/mcpserver/jwks.go:88.18,90.5 1 1
github.com/xvThomas/LLMClientWrapper/talk-libs/mcpserver/jwks.go:91.4,91.19 1 1
github.com/xvThomas/LLMClientWrapper/talk-libs/mcpserver/jwks.go:94.3,96.17 3 1
github.com/xvThomas/LLMClientWrapper/talk-libs/mcpserver/jwks.go:96.17,99.4 2 1
github.com/xvThomas/LLMClientWrapper/talk-libs/mcpserver/jwks.go:100.3,100.20 1 1
github.com/xvThomas/LLMClientWrapper/talk-libs/mcpserver/jwks.go:100.20,103.4 2 0
github.com/xvThomas/LLMClientWrapper/talk-libs/mcpserver/jwks.go:105.3,109.30 3 1
github.com/xvThomas/LLMClientWrapper/talk-libs/mcpserver/jwks.go:109.30,111.4 1 1
github.com/xvThomas/LLMClientWrapper/talk-libs/mcpserver/jwks.go:112.3,112.25 1 1
github.com/xvThomas/LLMClientWrapper/talk-libs/mcpserver/jwks.go:112.25,114.4 1 1
github.com/xvThomas/LLMClientWrapper/talk-libs/mcpserver/jwks.go:115.3,115.19 1 1
github.com/xvThomas/LLMClientWrapper/talk-libs/mcpserver/jwks.go:136.85,138.37 2 1
github.com/xvThomas/LLMClientWrapper/talk-libs/mcpserver/jwks.go:138.37,139.33 1 0
github.com/xvThomas/LLMClientWrapper/talk-libs/mcpserver/jwks.go:139.33,142.4 2 0
github.com/xvThomas/LLMClientWrapper/talk-libs/mcpserver/jwks.go:144.2,147.39 2 1
github.com/xvThomas/LLMClientWrapper/talk-libs/mcpserver/jwks.go:147.39,149.3 1 0
github.com/xvThomas/LLMClientWrapper/talk-libs/mcpserver/jwks.go:151.2,154.9 4 1
github.com/xvThomas/LLMClientWrapper/talk-libs/mcpserver/jwks.go:154.9,156.3 1 1
github.com/xvThomas/LLMClientWrapper/talk-libs/mcpserver/jwks.go:157.2,157.17 1 1
github.com/xvThomas/LLMClientWrapper/talk-libs/mcpserver/jwks.go:160.56,165.56 3 1
github.com/xvThomas/LLMClientWrapper/talk-libs/mcpserver/jwks.go:165.56,167.3 1 0
github.com/xvThomas/LLMClientWrapper/talk-libs/mcpserver/jwks.go:169.2,170.16 2 1
github.com/xvThomas/LLMClientWrapper/talk-libs/mcpserver/jwks.go:170.16,172.3 1 0
github.com/xvThomas/LLMClientWrapper/talk-libs/mcpserver/jwks.go:174.2,175.16 2 1
github.com/xvThomas/LLMClientWrapper/talk-libs/mcpserver/jwks.go:175.16,177.3 1 0
github.com/xvThomas/LLMClientWrapper/talk-libs/mcpserver/jwks.go:178.2,178.15 1 1
github.com/xvThomas/LLMClientWrapper/talk-libs/mcpserver/jwks.go:178.15,178.40 1 1
github.com/xvThomas/LLMClientWrapper/talk-libs/mcpserver/jwks.go:180.2,180.38 1 1
github.com/xvThomas/LLMClientWrapper/talk-libs/mcpserver/jwks.go:180.38,182.3 1 0
github.com/xvThomas/LLMClientWrapper/talk-libs/mcpserver/jwks.go:184.2,185.65 2 1
github.com/xvThomas/LLMClientWrapper/talk-libs/mcpserver/jwks.go:185.65,187.3 1 0
github.com/xvThomas/LLMClientWrapper/talk-libs/mcpserver/jwks.go:189.2,190.30 2 1
github.com/xvThomas/LLMClientWrapper/talk-libs/mcpserver/jwks.go:190.30,191.36 1 1
github.com/xvThomas/LLMClientWrapper/talk-libs/mcpserver/jwks.go:191.36,192.12 1 0
github.com/xvThomas/LLMClientWrapper/talk-libs/mcpserver/jwks.go:194.3,195.17 2 1
github.com/xvThomas/LLMClientWrapper/talk-libs/mcpserver/jwks.go:195.17,196.12 1 0
github.com/xvThomas/LLMClientWrapper/talk-libs/mcpserver/jwks.go:198.3,198.20 1 1
github.com/xvThomas/LLMClientWrapper/talk-libs/mcpserver/jwks.go:201.2,201.20 1 1
github.com/xvThomas/LLMClientWrapper/talk-libs/mcpserver/jwks.go:201.20,203.3 1 0
github.com/xvThomas/LLMClientWrapper/talk-libs/mcpserver/jwks.go:205.2,207.12 3 1
github.com/xvThomas/LLMClientWrapper/talk-libs/mcpserver/jwks.go:223.58,225.16 2 1
github.com/xvThomas/LLMClientWrapper/talk-libs/mcpserver/jwks.go:225.16,227.3 1 1
github.com/xvThomas/LLMClientWrapper/talk-libs/mcpserver/jwks.go:228.2,229.16 2 1
github.com/xvThomas/LLMClientWrapper/talk-libs/mcpserver/jwks.go:229.16,231.3 1 1
github.com/xvThomas/LLMClientWrapper/talk-libs/mcpserver/jwks.go:233.2,235.27 3 1
github.com/xvThomas/LLMClientWrapper/talk-libs/mcpserver/jwks.go:235.27,237.3 1 1
github.com/xvThomas/LLMClientWrapper/talk-libs/mcpserver/jwks.go:239.2,239.40 1 1
github.com/xvThomas/LLMClientWrapper/talk-libs/mcpserver/mcp_prompt.go:39.47,42.33 1 0
github.com/xvThomas/LLMClientWrapper/talk-libs/mcpserver/mcp_prompt.go:42.33,44.34 2 0
github.com/xvThomas/LLMClientWrapper/talk-libs/mcpserver/mcp_prompt.go:44.34,50.5 1 0
github.com/xvThomas/LLMClientWrapper/talk-libs/mcpserver/mcp_prompt.go:51.4,55.88 1 0
github.com/xvThomas/LLMClientWrapper/talk-libs/mcpserver/mcp_prompt.go:55.88,57.34 2 0
github.com/xvThomas/LLMClientWrapper/talk-libs/mcpserver/mcp_prompt.go:57.34,59.45 2 0
github.com/xvThomas/LLMClientWrapper/talk-libs/mcpserver/mcp_prompt.go:59.45,61.7 1 0
github.com/xvThomas/LLMClientWrapper/talk-libs/mcpserver/mcp_prompt.go:62.6,65.7 1 0
github.com/xvThomas/LLMClientWrapper/talk-libs/mcpserver/mcp_prompt.go:67.5,70.11 1 0
github.com/xvThomas/LLMClientWrapper/talk-libs/mcpserver/mcp_prompt.go:77.53,78.22 1 0
github.com/xvThomas/LLMClientWrapper/talk-libs/mcpserver/mcp_prompt.go:78.22,78.67 1 0
github.com/xvThomas/LLMClientWrapper/talk-libs/mcpserver/oauth_proxy.go:32.76,36.29 3 0
github.com/xvThomas/LLMClientWrapper/talk-libs/mcpserver/oauth_proxy.go:36.29,38.3 1 0
github.com/xvThomas/LLMClientWrapper/talk-libs/mcpserver/oauth_proxy.go:39.2,40.25 2 0
github.com/xvThomas/LLMClientWrapper/talk-libs/mcpserver/oauth_proxy.go:40.25,42.3 1 0
github.com/xvThomas/LLMClientWrapper/talk-libs/mcpserver/oauth_proxy.go:45.2,57.105 3 0
github.com/xvThomas/LLMClientWrapper/talk-libs/mcpserver/oauth_proxy.go:57.105,60.3 2 0
github.com/xvThomas/LLMClientWrapper/talk-libs/mcpserver/oauth_proxy.go:64.2,64.76 1 0
github.com/xvThomas/LLMClientWrapper/talk-libs/mcpserver/oauth_proxy.go:64.76,66.27 2 0
github.com/xvThomas/LLMClientWrapper/talk-libs/mcpserver/oauth_proxy.go:66.27,68.4 1 0
github.com/xvThomas/LLMClientWrapper/talk-libs/mcpserver/oauth_proxy.go:70.3,71.49 2 0
github.com/xvThomas/LLMClientWrapper/talk-libs/mcpserver/oauth_proxy.go:71.49,72.19 1 0
github.com/xvThomas/LLMClientWrapper/talk-libs/mcpserver/oauth_proxy.go:72.19,74.5 1 0
github.com/xvThomas/LLMClientWrapper/talk-libs/mcpserver/oauth_proxy.go:74.10,76.5 1 0
github.com/xvThomas/LLMClientWrapper/talk-libs/mcpserver/oauth_proxy.go:77.4,77.30 1 0
github.com/xvThomas/LLMClientWrapper/talk-libs/mcpserver/oauth_proxy.go:79.3,81.17 3 0
github.com/xvThomas/LLMClientWrapper/talk-libs/mcpserver/oauth_proxy.go:81.17,85.4 3 0
github.com/xvThomas/LLMClientWrapper/talk-libs/mcpserver/oauth_proxy.go:86.3,87.57 2 0
github.com/xvThomas/LLMClientWrapper/talk-libs/mcpserver/oauth_proxy.go:92.2,92.72 1 0
github.com/xvThomas/LLMClientWrapper/talk-libs/mcpserver/oauth_proxy.go:92.72,93.34 1 0
github.com/xvThomas/LLMClientWrapper/talk-libs/mcpserver/oauth_proxy.go:93.34,96.4 2 0
github.com/xvThomas/LLMClientWrapper/talk-libs/mcpserver/oauth_proxy.go:98.3,98.39 1 0
github.com/xvThomas/LLMClientWrapper/talk-libs/mcpserver/oauth_proxy.go:98.39,102.4 3 0
github.com/xvThomas/LLMClientWrapper/talk-libs/mcpserver/oauth_proxy.go:104.3,105.29 2 0
github.com/xvThomas/LLMClientWrapper/talk-libs/mcpserver/oauth_proxy.go:105.29,107.4 1 0
github.com/xvThomas/LLMClientWrapper/talk-libs/mcpserver/oauth_proxy.go:108.3,110.66 2 0
github.com/xvThomas/LLMClientWrapper/talk-libs/mcpserver/oauth_proxy.go:110.66,112.4 1 0
github.com/xvThomas/LLMClientWrapper/talk-libs/mcpserver/oauth_proxy.go:114.3,116.17 2 0
github.com/xvThomas/LLMClientWrapper/talk-libs/mcpserver/oauth_proxy.go:116.17,120.4 3 0
github.com/xvThomas/LLMClientWrapper/talk-libs/mcpserver/oauth_proxy.go:121.3,123.68 2 0
github.com/xvThomas/LLMClientWrapper/talk-libs/mcpserver/oauth_proxy.go:123.68,125.4 1 0
github.com/xvThomas/LLMClientWrapper/talk-libs/mcpserver/oauth_proxy.go:127.3,128.17 2 0
github.com/xvThomas/LLMClientWrapper/talk-libs/mcpserver/oauth_proxy.go:128.17,132.4 3 0
github.com/xvThomas/LLMClientWrapper/talk-libs/mcpserver/oauth_proxy.go:133.3,133.16 1 0
github.com/xvThomas/LLMClientWrapper/talk-libs/mcpserver/oauth_proxy.go:133.16,133.41 1 0
github.com/xvThomas/LLMClientWrapper/talk-libs/mcpserver/oauth_proxy.go:136.3,137.29 2 0
github.com/xvThomas/LLMClientWrapper/talk-libs/mcpserver/oauth_proxy.go:137.29,139.4 1 0
github.com/xvThomas/LLMClientWrapper/talk-libs/mcpserver/oauth_proxy.go:139.9,143.45 3 0
github.com/xvThomas/LLMClientWrapper/talk-libs/mcpserver/oauth_proxy.go:143.45,144.28 1 0
github.com/xvThomas/LLMClientWrapper/talk-libs/mcpserver/oauth_proxy.go:144.28,146.6 1 0
github.com/xvThomas/LLMClientWrapper/talk-libs/mcpserver/oauth_proxy.go:148.4,148.104 1 0
github.com/xvThomas/LLMClientWrapper/talk-libs/mcpserver/oauth_proxy.go:151.3,151.34 1 0
github.com/xvThomas/LLMClientWrapper/talk-libs/mcpserver/oauth_proxy.go:151.34,152.25 1 0
github.com/xvThomas/LLMClientWrapper/talk-libs/mcpserver/oauth_proxy.go:152.25,154.5 1 0
github.com/xvThomas/LLMClientWrapper/talk-libs/mcpserver/oauth_proxy.go:156.3,157.23 2 0
github.com/xvThomas/LLMClientWrapper/talk-libs/mcpserver/security.go:27.54,28.22 1 0
github.com/xvThomas/LLMClientWrapper/talk-libs/mcpserver/security.go:28.22,28.43 1 0
github.com/xvThomas/LLMClientWrapper/talk-libs/mcpserver/security.go:35.91,37.46 2 1
github.com/xvThomas/LLMClientWrapper/talk-libs/mcpserver/security.go:37.46,38.72 1 1
github.com/xvThomas/LLMClientWrapper/talk-libs/mcpserver/security.go:38.72,39.33 1 1
github.com/xvThomas/LLMClientWrapper/talk-libs/mcpserver/security.go:39.33,43.5 3 1
github.com/xvThomas/LLMClientWrapper/talk-libs/mcpserver/security.go:44.4,44.24 1 1
github.com/xvThomas/LLMClientWrapper/talk-libs/mcpserver/security.go:53.64,54.71 1 1
github.com/xvThomas/LLMClientWrapper/talk-libs/mcpserver/security.go:54.71,64.3 9 1
github.com/xvThomas/LLMClientWrapper/talk-libs/mcpserver/security.go:86.58,95.2 3 1
github.com/xvThomas/LLMClientWrapper/talk-libs/mcpserver/security.go:98.54,103.9 4 1
github.com/xvThomas/LLMClientWrapper/talk-libs/mcpserver/security.go:103.9,106.3 2 1
github.com/xvThomas/LLMClientWrapper/talk-libs/mcpserver/security.go:107.2,108.22 2 1
github.com/xvThomas/LLMClientWrapper/talk-libs/mcpserver/security.go:112.39,115.21 3 1
github.com/xvThomas/LLMClientWrapper/talk-libs/mcpserver/security.go:115.21,117.3 1 0
github.com/xvThomas/LLMClientWrapper/talk-libs/mcpserver/security.go:121.35,126.35 4 1
github.com/xvThomas/LLMClientWrapper/talk-libs/mcpserver/security.go:126.35,127.38 1 1
github.com/xvThomas/LLMClientWrapper/talk-libs/mcpserver/security.go:127.38,129.4 1 1
github.com/xvThomas/LLMClientWrapper/talk-libs/mcpserver/security.go:135.110,136.46 1 1
github.com/xvThomas/LLMClientWrapper/talk-libs/mcpserver/security.go:136.46,137.72 1 1
github.com/xvThomas/LLMClientWrapper/talk-libs/mcpserver/security.go:137.72,139.32 2 1
github.com/xvThomas/LLMClientWrapper/talk-libs/mcpserver/security.go:139.32,142.5 2 1
github.com/xvThomas/LLMClientWrapper/talk-libs/mcpserver/security.go:143.4,143.24 1 1
github.com/xvThomas/LLMClientWrapper/talk-libs/mcpserver/security.go:154.74,155.30 1 1
github.com/xvThomas/LLMClientWrapper/talk-libs/mcpserver/security.go:155.30,157.3 1 1
github.com/xvThomas/LLMClientWrapper/talk-libs/mcpserver/security.go:159.2,160.47 2 1
github.com/xvThomas/LLMClientWrapper/talk-libs/mcpserver/security.go:160.47,162.3 1 1
github.com/xvThomas/LLMClientWrapper/talk-libs/mcpserver/security.go:164.2,164.20 1 1
github.com/xvThomas/LLMClientWrapper/talk-libs/mcpserver/security.go:168.36,170.16 2 1
github.com/xvThomas/LLMClientWrapper/talk-libs/mcpserver/security.go:170.16,172.3 1 0
github.com/xvThomas/LLMClientWrapper/talk-libs/mcpserver/security.go:173.2,173.13 1 1
github.com/xvThomas/LLMClientWrapper/talk-libs/mcpserver/security.go:177.68,179.15 2 1
github.com/xvThomas/LLMClientWrapper/talk-libs/mcpserver/security.go:179.15,181.3 1 0
github.com/xvThomas/LLMClientWrapper/talk-libs/mcpserver/security.go:183.2,183.33 1 1
github.com/xvThomas/LLMClientWrapper/talk-libs/mcpserver/security.go:183.33,185.3 1 1
github.com/xvThomas/LLMClientWrapper/talk-libs/mcpserver/security.go:186.2,186.32 1 1
github.com/xvThomas/LLMClientWrapper/talk-libs/mcpserver/security.go:186.32,187.37 1 1
github.com/xvThomas/LLMClientWrapper/talk-libs/mcpserver/security.go:187.37,189.4 1 1
github.com/xvThomas/LLMClientWrapper/talk-libs/mcpserver/security.go:191.2,191.14 1 1
github.com/xvThomas/LLMClientWrapper/talk-libs/mcpserver/security.go:196.55,201.14 2 1
github.com/xvThomas/LLMClientWrapper/talk-libs/mcpserver/security.go:201.14,207.3 5 1
github.com/xvThomas/LLMClientWrapper/talk-libs/mcpserver/security.go:208.2,208.14 1 1
github.com/xvThomas/LLMClientWrapper/talk-libs/mcpserver/security.go:213.50,214.15 1 1
github.com/xvThomas/LLMClientWrapper/talk-libs/mcpserver/security.go:214.15,216.3 1 1
github.com/xvThomas/LLMClientWrapper/talk-libs/mcpserver/security.go:217.2,218.48 2 1
github.com/xvThomas/LLMClientWrapper/talk-libs/mcpserver/security.go:218.48,220.18 2 1
github.com/xvThomas/LLMClientWrapper/talk-libs/mcpserver/security.go:220.18,221.12 1 0
github.com/xvThomas/LLMClientWrapper/talk-libs/mcpserver/security.go:223.3,223.35 1 1
github.com/xvThomas/LLMClientWrapper/talk-libs/mcpserver/security.go:223.35,225.18 2 1
github.com/xvThomas/LLMClientWrapper/talk-libs/mcpserver/security.go:225.18,227.5 1 1
github.com/xvThomas/LLMClientWrapper/talk-libs/mcpserver/security.go:228.9,230.17 2 1
github.com/xvThomas/LLMClientWrapper/talk-libs/mcpserver/security.go:230.17,231.13 1 1
github.com/xvThomas/LLMClientWrapper/talk-libs/mcpserver/security.go:233.4,233.35 1 1
github.com/xvThomas/LLMClientWrapper/talk-libs/mcpserver/security.go:233.35,235.5 1 1
github.com/xvThomas/LLMClientWrapper/talk-libs/mcpserver/security.go:235.10,237.5 1 0
github.com/xvThomas/LLMClientWrapper/talk-libs/mcpserver/security.go:240.2,240.13 1 1
